{
  "0 debug pnpm:scope": {
    "selected": 1
  },
  "1 error pnpm": {
    "code": "ELIFECYCLE",
    "errno": "ENOENT",
    "syscall": "spawn",
    "file": "sh",
    "pkgid": "plugin@0.1.0",
    "stage": "dev",
    "script": "vue-cli-service serve",
    "pkgname": "plugin",
    "err": {
      "name": "pnpm",
      "message": "plugin@0.1.0 dev: `vue-cli-service serve`\nspawn ENOENT",
      "code": "ELIFECYCLE",
      "stack": "pnpm: plugin@0.1.0 dev: `vue-cli-service serve`\nspawn ENOENT\n    at ChildProcess.<anonymous> (/usr/local/Cellar/pnpm/6.32.4/libexec/lib/node_modules/pnpm/dist/pnpm.cjs:92290:22)\n    at ChildProcess.emit (node:events:526:28)\n    at maybeClose (node:internal/child_process:1092:16)\n    at Process.ChildProcess._handle.onexit (node:internal/child_process:302:5)"
    }
  },
  "2 warn pnpm:global": " Local package.json exists, but node_modules missing, did you mean to install?"
}